{"ts":"2026-03-11T03:49:59.935Z","level":"error","event":"invalid_flow_transition","details":{"from":"AREA_CODE_ENTRY","to":"AVAILABILITY_SELECTION","context":{"areaCode":null,"customerType":null}}}
{"ts":"2026-03-11T03:50:13.121Z","level":"error","event":"invalid_flow_transition","details":{"from":"AREA_CODE_ENTRY","to":"AVAILABILITY_SELECTION","context":{"areaCode":null,"customerType":null}}}
{"ts":"2026-03-11T03:50:16.104Z","level":"error","event":"invalid_flow_transition","details":{"from":"AREA_CODE_ENTRY","to":"EXISTING_AUTH_MODE","context":{"areaCode":null,"customerType":null}}}
{"ts":"2026-03-11T03:50:22.827Z","level":"error","event":"invalid_flow_transition","details":{"from":"AREA_CODE_ENTRY","to":"AVAILABILITY_SELECTION","context":{"areaCode":null,"customerType":null}}}
{"ts":"2026-03-11T03:50:32.942Z","level":"error","event":"invalid_flow_transition","details":{"from":"AREA_CODE_ENTRY","to":"AVAILABILITY_SELECTION","context":{"areaCode":null,"customerType":null}}}
{"ts":"2026-03-11T03:50:38.492Z","level":"error","event":"invalid_flow_transition","details":{"from":"AREA_CODE_ENTRY","to":"AVAILABILITY_SELECTION","context":{"areaCode":null,"customerType":null}}}
{"ts":"2026-03-11T03:50:44.737Z","level":"error","event":"invalid_flow_transition","details":{"from":"AREA_CODE_ENTRY","to":"EXISTING_AUTH_MODE","context":{"areaCode":null,"customerType":null}}}
{"ts":"2026-03-11T03:50:50.139Z","level":"error","event":"invalid_flow_transition","details":{"from":"AREA_CODE_ENTRY","to":"AVAILABILITY_SELECTION","context":{"areaCode":null,"customerType":null}}}
{"ts":"2026-03-11T03:50:53.380Z","level":"error","event":"invalid_flow_transition","details":{"from":"AREA_CODE_ENTRY","to":"AVAILABILITY_SELECTION","context":{"areaCode":null,"customerType":null}}}
{"ts":"2026-03-11T03:50:59.963Z","level":"error","event":"invalid_flow_transition","details":{"from":"AREA_CODE_ENTRY","to":"AVAILABILITY_SELECTION","context":{"areaCode":null,"customerType":null}}}
{"ts":"2026-03-11T04:23:16.852Z","level":"error","event":"invalid_flow_transition","details":{"from":"INTENT_DISCOVERY","to":"OFFER_BROWSE","context":{"areaCode":"647","customerType":"new"}}}
{"ts":"2026-03-11T04:23:21.555Z","level":"error","event":"invalid_flow_transition","details":{"from":"INTENT_DISCOVERY","to":"OFFER_BROWSE","context":{"areaCode":"647","customerType":"new"}}}
{"ts":"2026-03-11T04:23:29.130Z","level":"error","event":"invalid_flow_transition","details":{"from":"INTENT_DISCOVERY","to":"OFFER_BROWSE","context":{"areaCode":"647","customerType":"new"}}}
{"ts":"2026-03-11T04:23:33.297Z","level":"error","event":"invalid_flow_transition","details":{"from":"INTENT_DISCOVERY","to":"OFFER_BROWSE","context":{"areaCode":"647","customerType":"new"}}}
{"ts":"2026-03-15T03:03:25.022Z","level":"error","event":"sla_intent_lock_breach","details":{"sessionId":"sess_1773543543303_wnxavl","flowStep":"SERVICE_CLARIFICATION","clientType":null,"route":"sales","actualSeconds":261.72,"targetSeconds":90}}
{"ts":"2026-03-15T03:34:08.976Z","level":"error","event":"frontend_error","details":{"sessionId":"sess_1773545568907_bzyx3q","flowStep":"ELIGIBILITY_CHECK","clientType":null,"route":"sales","message":"Uncaught RangeError: Maximum call stack size exceeded","source":"http://127.0.0.1:3000/shared/workflow-utils.mjs","line":70,"col":15}}
{"ts":"2026-03-15T03:34:17.884Z","level":"error","event":"frontend_error","details":{"sessionId":"sess_1773545568907_bzyx3q","flowStep":"ELIGIBILITY_CHECK","clientType":null,"route":"sales","message":"Uncaught RangeError: Maximum call stack size exceeded","source":"http://127.0.0.1:3000/shared/workflow-utils.mjs","line":70,"col":15}}
{"ts":"2026-03-15T03:34:25.030Z","level":"error","event":"frontend_error","details":{"sessionId":"sess_1773545568907_bzyx3q","flowStep":"ELIGIBILITY_CHECK","clientType":null,"route":"sales","message":"Uncaught RangeError: Maximum call stack size exceeded","source":"http://127.0.0.1:3000/shared/workflow-utils.mjs","line":70,"col":15}}
{"ts":"2026-03-15T03:34:36.426Z","level":"error","event":"frontend_error","details":{"sessionId":"sess_1773545568907_bzyx3q","flowStep":"BASKET_REVIEW","clientType":null,"route":"sales","message":"Uncaught RangeError: Maximum call stack size exceeded","source":"http://127.0.0.1:3000/shared/workflow-utils.mjs","line":70,"col":15}}
{"ts":"2026-03-15T04:07:06.908Z","level":"error","event":"sla_clarification_retry_breach","details":{"sessionId":"sess_1773547231403_brxme6","flowStep":"ORDER_CONFIRMED","clientType":null,"route":"sales","retries":3,"targetRetries":2}}
{"ts":"2026-03-16T02:24:24.124Z","level":"error","event":"validation_address_failed","details":{"sessionId":"sess_1773627838389_ebt1sn","flowStep":"INTERNET_ADDRESS_REQUEST","clientType":null,"route":"sales","value":"647","step":"INTERNET_ADDRESS_REQUEST"}}
{"ts":"2026-03-16T02:32:48.419Z","level":"error","event":"quote_preview_failed","details":{"sessionId":"sess_1773628326547_xg8lyt","flowStep":"INTERNET_PRIORITY_CAPTURE","clientType":null,"route":"sales","serviceType":"home internet","preferences":{"budget":25,"speed":33,"deviceCost":73}}}
{"ts":"2026-03-16T02:32:51.883Z","level":"error","event":"quote_preview_failed","details":{"sessionId":"sess_1773628326547_xg8lyt","flowStep":"INTERNET_PLAN_PITCH","clientType":null,"route":"sales","serviceType":"home internet","preferences":{"budget":45,"speed":80,"deviceCost":30}}}
{"ts":"2026-03-16T02:32:58.454Z","level":"error","event":"quote_preview_failed","details":{"sessionId":"sess_1773628326547_xg8lyt","flowStep":"INTERNET_PLAN_PITCH","clientType":null,"route":"sales","serviceType":"home internet","preferences":{"budget":45,"speed":80,"deviceCost":30}}}
{"ts":"2026-03-16T02:36:21.810Z","level":"error","event":"quote_preview_failed","details":{"sessionId":"sess_1773628528534_ax9ufm","flowStep":"INTERNET_PRIORITY_CAPTURE","clientType":null,"route":"sales","serviceType":"home internet","preferences":{"budget":60,"speed":29,"deviceCost":66}}}
{"ts":"2026-03-16T02:36:28.074Z","level":"error","event":"quote_preview_failed","details":{"sessionId":"sess_1773628528534_ax9ufm","flowStep":"INTERNET_PRIORITY_CAPTURE","clientType":null,"route":"sales","serviceType":"home internet","preferences":{"budget":24,"speed":69,"deviceCost":27}}}
{"ts":"2026-03-16T02:36:44.380Z","level":"error","event":"quote_preview_failed","details":{"sessionId":"sess_1773628528534_ax9ufm","flowStep":"INTERNET_PRIORITY_CAPTURE","clientType":null,"route":"sales","serviceType":"home internet","preferences":{"budget":20,"speed":40,"deviceCost":40}}}
{"ts":"2026-03-16T02:36:57.234Z","level":"error","event":"quote_preview_failed","details":{"sessionId":"sess_1773628528534_ax9ufm","flowStep":"INTERNET_PRIORITY_CAPTURE","clientType":null,"route":"sales","serviceType":"home internet","preferences":{"budget":85,"speed":40,"deviceCost":35}}}
{"ts":"2026-03-16T02:36:57.235Z","level":"error","event":"invalid_flow_transition","details":{"sessionId":"sess_1773628528534_ax9ufm","flowStep":"INTERNET_PRIORITY_CAPTURE","clientType":null,"route":"sales","from":"INTERNET_PRIORITY_CAPTURE","to":"INTERNET_PLAN_PITCH","context":{"areaCode":"416","customerType":"existing"}}}
{"ts":"2026-03-16T02:37:02.522Z","level":"error","event":"quote_preview_failed","details":{"sessionId":"sess_1773628528534_ax9ufm","flowStep":"INTERNET_PRIORITY_CAPTURE","clientType":null,"route":"sales","serviceType":"home internet","preferences":{"budget":85,"speed":40,"deviceCost":35}}}
{"ts":"2026-03-16T02:37:02.522Z","level":"error","event":"invalid_flow_transition","details":{"sessionId":"sess_1773628528534_ax9ufm","flowStep":"INTERNET_PRIORITY_CAPTURE","clientType":null,"route":"sales","from":"INTERNET_PRIORITY_CAPTURE","to":"INTERNET_PLAN_PITCH","context":{"areaCode":"416","customerType":"existing"}}}
{"ts":"2026-03-16T02:42:11.323Z","level":"error","event":"invalid_flow_transition","details":{"sessionId":"sess_1773628906007_tj8x5r","flowStep":"CUSTOMER_STATUS_SELECTION","clientType":null,"route":"sales","from":"CUSTOMER_STATUS_SELECTION","to":"WARM_AGENT_ROUTING","reason":"step_contract_violation","fallbackTarget":"CUSTOMER_STATUS_SELECTION"}}
{"ts":"2026-03-16T02:42:11.323Z","level":"error","event":"sla_clarification_retry_breach","details":{"sessionId":"sess_1773628906007_tj8x5r","flowStep":"CUSTOMER_STATUS_SELECTION","clientType":null,"route":"sales","retries":3,"targetRetries":2}}
{"ts":"2026-03-16T02:42:41.806Z","level":"error","event":"invalid_flow_transition","details":{"sessionId":"sess_1773628906007_tj8x5r","flowStep":"INTERNET_PRIORITY_CAPTURE","clientType":null,"route":"sales","from":"INTERNET_PRIORITY_CAPTURE","to":"INTERNET_PLAN_PITCH","context":{"areaCode":null,"customerType":"new"}}}
{"ts":"2026-03-16T02:42:41.807Z","level":"error","event":"quote_preview_failed","details":{"sessionId":"sess_1773628906007_tj8x5r","flowStep":"INTERNET_PRIORITY_CAPTURE","clientType":null,"route":"sales","serviceType":"home internet","preferences":{"budget":85,"speed":40,"deviceCost":35}}}
{"ts":"2026-03-16T02:42:45.073Z","level":"error","event":"quote_preview_failed","details":{"sessionId":"sess_1773628906007_tj8x5r","flowStep":"INTERNET_PLAN_PITCH","clientType":null,"route":"sales","serviceType":"home internet","preferences":{"budget":35,"speed":90,"deviceCost":25}}}
{"ts":"2026-03-16T02:42:48.008Z","level":"error","event":"quote_preview_failed","details":{"sessionId":"sess_1773628906007_tj8x5r","flowStep":"INTERNET_PLAN_PITCH","clientType":null,"route":"sales","serviceType":"home internet","preferences":{"budget":35,"speed":90,"deviceCost":25}}}
{"ts":"2026-03-16T02:44:40.785Z","level":"error","event":"quote_preview_failed","details":{"sessionId":"sess_1773629041198_keikqt","flowStep":"INTERNET_PRIORITY_CAPTURE","clientType":null,"route":"sales","serviceType":"home internet","preferences":{"budget":11,"speed":98,"deviceCost":35}}}
{"ts":"2026-03-16T02:44:50.011Z","level":"error","event":"quote_preview_failed","details":{"sessionId":"sess_1773629041198_keikqt","flowStep":"INTERNET_PRIORITY_CAPTURE","clientType":null,"route":"sales","serviceType":"home internet","preferences":{"budget":46,"speed":98,"deviceCost":34}}}
{"ts":"2026-03-16T02:45:26.273Z","level":"error","event":"quote_preview_failed","details":{"sessionId":"sess_1773629041198_keikqt","flowStep":"INTERNET_PLAN_PITCH","clientType":null,"route":"sales","serviceType":"home internet","preferences":{"budget":35,"speed":90,"deviceCost":25}}}
{"ts":"2026-03-16T03:17:55.680Z","level":"error","event":"quote_preview_failed","details":{"sessionId":"sess_1773631027215_6qypwh","flowStep":"INTERNET_PRIORITY_CAPTURE","clientType":null,"route":"sales","serviceType":"home internet","preferences":{"budget":36,"speed":79,"deviceCost":35},"fallbackCount":3}}
