{"ts":"2026-03-11T03:49:56.567Z","level":"info","event":"flow_transition","details":{"from":"INIT_CONNECTING","to":"INIT_CONNECTING","patchContext":{}}}
{"ts":"2026-03-11T03:49:57.673Z","level":"info","event":"flow_transition","details":{"from":"INIT_CONNECTING","to":"AREA_CODE_ENTRY","patchContext":{}}}
{"ts":"2026-03-11T03:49:59.935Z","level":"info","event":"flow_clarify_prompt","details":{"from":"AREA_CODE_ENTRY","attempted":"AVAILABILITY_SELECTION"}}
{"ts":"2026-03-11T03:50:13.121Z","level":"info","event":"flow_clarify_prompt","details":{"from":"AREA_CODE_ENTRY","attempted":"AVAILABILITY_SELECTION"}}
{"ts":"2026-03-11T03:50:16.105Z","level":"info","event":"flow_clarify_prompt","details":{"from":"AREA_CODE_ENTRY","attempted":"EXISTING_AUTH_MODE"}}
{"ts":"2026-03-11T03:50:18.114Z","level":"info","event":"flow_transition","details":{"from":"INIT_CONNECTING","to":"INIT_CONNECTING","patchContext":{}}}
{"ts":"2026-03-11T03:50:18.114Z","level":"info","event":"session_wiped","details":{"restart":true}}
{"ts":"2026-03-11T03:50:19.223Z","level":"info","event":"flow_transition","details":{"from":"INIT_CONNECTING","to":"AREA_CODE_ENTRY","patchContext":{}}}
{"ts":"2026-03-11T03:50:22.827Z","level":"info","event":"flow_clarify_prompt","details":{"from":"AREA_CODE_ENTRY","attempted":"AVAILABILITY_SELECTION"}}
{"ts":"2026-03-11T03:50:32.942Z","level":"info","event":"flow_clarify_prompt","details":{"from":"AREA_CODE_ENTRY","attempted":"AVAILABILITY_SELECTION"}}
{"ts":"2026-03-11T03:50:38.492Z","level":"info","event":"flow_clarify_prompt","details":{"from":"AREA_CODE_ENTRY","attempted":"AVAILABILITY_SELECTION"}}
{"ts":"2026-03-11T03:50:39.961Z","level":"info","event":"basket_item_added","details":{"offerId":"mob-001","basketSize":1}}
{"ts":"2026-03-11T03:50:44.737Z","level":"info","event":"flow_clarify_prompt","details":{"from":"AREA_CODE_ENTRY","attempted":"EXISTING_AUTH_MODE"}}
{"ts":"2026-03-11T03:50:50.139Z","level":"info","event":"flow_clarify_prompt","details":{"from":"AREA_CODE_ENTRY","attempted":"AVAILABILITY_SELECTION"}}
{"ts":"2026-03-11T03:50:53.380Z","level":"info","event":"flow_clarify_prompt","details":{"from":"AREA_CODE_ENTRY","attempted":"AVAILABILITY_SELECTION"}}
{"ts":"2026-03-11T03:50:59.963Z","level":"info","event":"flow_clarify_prompt","details":{"from":"AREA_CODE_ENTRY","attempted":"AVAILABILITY_SELECTION"}}
{"ts":"2026-03-11T03:51:01.779Z","level":"info","event":"flow_transition","details":{"from":"INIT_CONNECTING","to":"INIT_CONNECTING","patchContext":{}}}
{"ts":"2026-03-11T03:51:01.779Z","level":"info","event":"session_wiped","details":{"restart":true}}
{"ts":"2026-03-11T03:51:02.881Z","level":"info","event":"flow_transition","details":{"from":"INIT_CONNECTING","to":"AREA_CODE_ENTRY","patchContext":{}}}
{"ts":"2026-03-11T04:00:51.400Z","level":"info","event":"flow_transition","details":{"from":"INIT_CONNECTING","to":"INIT_CONNECTING","patchContext":{}}}
{"ts":"2026-03-11T04:00:52.509Z","level":"info","event":"flow_transition","details":{"from":"INIT_CONNECTING","to":"AREA_CODE_ENTRY","patchContext":{}}}
{"ts":"2026-03-11T04:00:56.035Z","level":"info","event":"flow_transition","details":{"from":"AREA_CODE_ENTRY","to":"AVAILABILITY_SELECTION","patchContext":{"areaCode":"416"}}}
{"ts":"2026-03-11T04:01:01.920Z","level":"info","event":"flow_transition","details":{"from":"AVAILABILITY_SELECTION","to":"EXISTING_AUTH_MODE","patchContext":{"customerType":"existing"}}}
{"ts":"2026-03-11T04:01:12.696Z","level":"info","event":"flow_transition","details":{"from":"EXISTING_AUTH_MODE","to":"INTENT_DISCOVERY","patchContext":{"authUser":{"id":"u1001","name":"Alex Carter","locale":"en-CA","authenticated":true,"age":34,"accountType":"Primary","creditScore":742,"existingPaymentToken":"tok_saved_u1001","savedCardType":"visa","savedCardLast4":"2781","prefilledAddress":"210 - 100 Galt Ave, Toronto, ON M4M 2Z1"}}}}
{"ts":"2026-03-11T04:01:12.699Z","level":"info","event":"auth_success","details":{"mode":"auto","userId":"u1001"}}
{"ts":"2026-03-11T04:01:23.760Z","level":"info","event":"flow_transition","details":{"from":"INTENT_DISCOVERY","to":"OFFER_BROWSE","patchContext":{"intent":"mobility"}}}
{"ts":"2026-03-11T04:01:37.195Z","level":"info","event":"basket_item_added","details":{"offerId":"landline-001","basketSize":1}}
{"ts":"2026-03-11T04:01:44.623Z","level":"info","event":"basket_item_added","details":{"offerId":"mob-001","basketSize":2}}
{"ts":"2026-03-11T04:01:52.332Z","level":"info","event":"basket_item_added","details":{"offerId":"landline-001","basketSize":3}}
{"ts":"2026-03-11T04:01:53.538Z","level":"info","event":"flow_transition","details":{"from":"OFFER_BROWSE","to":"BASKET_REVIEW","patchContext":{}}}
{"ts":"2026-03-11T04:01:53.538Z","level":"info","event":"flow_transition","details":{"from":"BASKET_REVIEW","to":"ELIGIBILITY_CHECK","patchContext":{}}}
{"ts":"2026-03-11T04:01:53.538Z","level":"info","event":"eligibility_approved","details":{"basketItems":3}}
{"ts":"2026-03-11T04:01:53.538Z","level":"info","event":"flow_transition","details":{"from":"ELIGIBILITY_CHECK","to":"PAYMENT_METHOD","patchContext":{}}}
{"ts":"2026-03-11T04:01:57.022Z","level":"info","event":"payment_method_selected","details":{"method":"existing","expectedLast4":"2781"}}
{"ts":"2026-03-11T04:01:57.022Z","level":"info","event":"flow_transition","details":{"from":"PAYMENT_METHOD","to":"PAYMENT_CONFIRM_LAST4","patchContext":{}}}
{"ts":"2026-03-11T04:02:02.286Z","level":"info","event":"flow_transition","details":{"from":"PAYMENT_CONFIRM_LAST4","to":"PAYMENT_CVV","patchContext":{}}}
{"ts":"2026-03-11T04:02:02.286Z","level":"info","event":"payment_confirmed","details":{"method":"existing"}}
{"ts":"2026-03-11T04:02:06.636Z","level":"info","event":"cvv_validated","details":{"method":"existing","viaChatInput":true}}
{"ts":"2026-03-11T04:02:06.636Z","level":"info","event":"flow_transition","details":{"from":"PAYMENT_CVV","to":"SHIPPING_SELECTION","patchContext":{}}}
{"ts":"2026-03-11T04:02:09.415Z","level":"info","event":"flow_transition","details":{"from":"SHIPPING_SELECTION","to":"SHIPPING_LOOKUP","patchContext":{}}}
{"ts":"2026-03-11T04:02:13.796Z","level":"info","event":"shipping_lookup_requested","details":{"query":"200 Bay Street","areaCode":"416"}}
{"ts":"2026-03-11T04:02:13.799Z","level":"info","event":"flow_transition","details":{"from":"SHIPPING_LOOKUP","to":"SHIPPING_MANUAL_ENTRY","patchContext":{}}}
{"ts":"2026-03-11T04:02:29.882Z","level":"info","event":"shipping_manual_entered","details":{"address":"200 Bay Street, Toronto, ON, M5B 1YT"}}
{"ts":"2026-03-11T04:02:29.882Z","level":"info","event":"flow_transition","details":{"from":"SHIPPING_MANUAL_ENTRY","to":"ORDER_REVIEW","patchContext":{}}}
{"ts":"2026-03-11T04:02:29.882Z","level":"info","event":"order_submission_attempt","details":{"basketItems":3,"total":151}}
{"ts":"2026-03-11T04:02:41.811Z","level":"info","event":"order_submission_success","details":{"orderId":"ORD-202603110402-9H32","confirmationCode":"CNF-ARD8RZ","total":151,"shippingMode":"manual"}}
{"ts":"2026-03-11T04:02:41.811Z","level":"info","event":"flow_transition","details":{"from":"ORDER_REVIEW","to":"ORDER_CONFIRMED","patchContext":{}}}
{"ts":"2026-03-11T04:21:17.308Z","level":"info","event":"flow_transition","details":{"from":"INIT_CONNECTING","to":"INIT_CONNECTING","patchContext":{}}}
{"ts":"2026-03-11T04:21:18.412Z","level":"info","event":"flow_transition","details":{"from":"INIT_CONNECTING","to":"AREA_CODE_ENTRY","patchContext":{}}}
{"ts":"2026-03-11T04:21:22.700Z","level":"info","event":"flow_transition","details":{"from":"AREA_CODE_ENTRY","to":"AVAILABILITY_SELECTION","patchContext":{"areaCode":"416"}}}
{"ts":"2026-03-11T04:21:26.427Z","level":"info","event":"flow_transition","details":{"from":"AVAILABILITY_SELECTION","to":"EXISTING_AUTH_MODE","patchContext":{"customerType":"existing"}}}
{"ts":"2026-03-11T04:21:29.759Z","level":"info","event":"flow_transition","details":{"from":"EXISTING_AUTH_MODE","to":"EXISTING_AUTH_IDENTIFIER","patchContext":{}}}
{"ts":"2026-03-11T04:21:36.641Z","level":"info","event":"auth_attempt","details":{"identifier":"alex.test@gmail.com","viaChatInput":true}}
{"ts":"2026-03-11T04:21:36.642Z","level":"info","event":"flow_transition","details":{"from":"EXISTING_AUTH_IDENTIFIER","to":"INTENT_DISCOVERY","patchContext":{}}}
{"ts":"2026-03-11T04:21:36.642Z","level":"info","event":"auth_success","details":{"mode":"manual","userId":"u1001","secureRef":"97ac171eae302e3bab4f-a38d76c9300c"}}
{"ts":"2026-03-11T04:21:48.214Z","level":"info","event":"flow_transition","details":{"from":"INTENT_DISCOVERY","to":"OFFER_BROWSE","patchContext":{"intent":"mobility"}}}
{"ts":"2026-03-11T04:21:54.410Z","level":"info","event":"basket_item_added","details":{"offerId":"internet-001","basketSize":1}}
{"ts":"2026-03-11T04:21:57.708Z","level":"info","event":"basket_item_added","details":{"offerId":"landline-002","basketSize":2}}
{"ts":"2026-03-11T04:22:00.491Z","level":"info","event":"basket_item_added","details":{"offerId":"landline-001","basketSize":3}}
{"ts":"2026-03-11T04:22:03.183Z","level":"info","event":"flow_transition","details":{"from":"OFFER_BROWSE","to":"BASKET_REVIEW","patchContext":{}}}
{"ts":"2026-03-11T04:22:03.183Z","level":"info","event":"flow_transition","details":{"from":"BASKET_REVIEW","to":"ELIGIBILITY_CHECK","patchContext":{}}}
{"ts":"2026-03-11T04:22:03.183Z","level":"info","event":"eligibility_approved","details":{"basketItems":3}}
{"ts":"2026-03-11T04:22:03.183Z","level":"info","event":"flow_transition","details":{"from":"ELIGIBILITY_CHECK","to":"PAYMENT_METHOD","patchContext":{}}}
{"ts":"2026-03-11T04:22:07.313Z","level":"info","event":"payment_method_selected","details":{"method":"existing","expectedLast4":"2781"}}
{"ts":"2026-03-11T04:22:07.313Z","level":"info","event":"flow_transition","details":{"from":"PAYMENT_METHOD","to":"PAYMENT_CONFIRM_LAST4","patchContext":{}}}
{"ts":"2026-03-11T04:22:11.031Z","level":"info","event":"flow_transition","details":{"from":"PAYMENT_CONFIRM_LAST4","to":"PAYMENT_CVV","patchContext":{}}}
{"ts":"2026-03-11T04:22:11.031Z","level":"info","event":"payment_confirmed","details":{"method":"existing"}}
{"ts":"2026-03-11T04:22:14.164Z","level":"info","event":"cvv_validated","details":{"method":"existing","viaChatInput":true}}
{"ts":"2026-03-11T04:22:14.164Z","level":"info","event":"flow_transition","details":{"from":"PAYMENT_CVV","to":"SHIPPING_SELECTION","patchContext":{}}}
{"ts":"2026-03-11T04:22:19.372Z","level":"info","event":"flow_transition","details":{"from":"SHIPPING_SELECTION","to":"ORDER_REVIEW","patchContext":{}}}
{"ts":"2026-03-11T04:22:19.372Z","level":"info","event":"shipping_prefilled_selected","details":{"address":"210 - 100 Galt Ave, Toronto, ON M4M 2Z1"}}
{"ts":"2026-03-11T04:22:19.374Z","level":"info","event":"order_submission_attempt","details":{"basketItems":3,"total":185}}
{"ts":"2026-03-11T04:22:23.751Z","level":"info","event":"flow_transition","details":{"from":"ORDER_REVIEW","to":"ORDER_CONFIRMED","patchContext":{}}}
{"ts":"2026-03-11T04:22:23.751Z","level":"info","event":"order_submission_success","details":{"orderId":"ORD-202603110422-W3CX","confirmationCode":"CNF-JA3WDO","total":185,"shippingMode":"prefilled"}}
{"ts":"2026-03-11T04:22:30.768Z","level":"info","event":"session_wiped","details":{"restart":true}}
{"ts":"2026-03-11T04:22:30.768Z","level":"info","event":"flow_transition","details":{"from":"INIT_CONNECTING","to":"INIT_CONNECTING","patchContext":{}}}
{"ts":"2026-03-11T04:22:31.874Z","level":"info","event":"flow_transition","details":{"from":"INIT_CONNECTING","to":"AREA_CODE_ENTRY","patchContext":{}}}
{"ts":"2026-03-11T04:22:44.289Z","level":"info","event":"flow_transition","details":{"from":"AREA_CODE_ENTRY","to":"AREA_CODE_ENTRY","patchContext":{}}}
{"ts":"2026-03-11T04:22:49.505Z","level":"info","event":"flow_transition","details":{"from":"AREA_CODE_ENTRY","to":"AVAILABILITY_SELECTION","patchContext":{"areaCode":"647"}}}
{"ts":"2026-03-11T04:22:51.708Z","level":"info","event":"flow_transition","details":{"from":"AVAILABILITY_SELECTION","to":"NEW_ONBOARD_NAME","patchContext":{"customerType":"new"}}}
{"ts":"2026-03-11T04:22:55.898Z","level":"info","event":"flow_transition","details":{"from":"NEW_ONBOARD_NAME","to":"NEW_ONBOARD_EMAIL","patchContext":{"newOnboarding":{"fullName":"John Wilkinson"}}}}
{"ts":"2026-03-11T04:23:01.330Z","level":"info","event":"flow_transition","details":{"from":"NEW_ONBOARD_EMAIL","to":"NEW_ONBOARD_PHONE","patchContext":{"newOnboarding":{"email":"john.test@gmail.com"}}}}
{"ts":"2026-03-11T04:23:12.189Z","level":"info","event":"flow_transition","details":{"from":"NEW_ONBOARD_PHONE","to":"INTENT_DISCOVERY","patchContext":{"newOnboarding":{"phone":"6478891912","leadId":"lead_1773202992185"},"customerType":"new"}}}
{"ts":"2026-03-11T04:23:12.190Z","level":"info","event":"new_customer_created","details":{"leadId":"lead_1773202992185","fullName":"John Wilkinson","email":"john.test@gmail.com","phone":"6478891912"}}
{"ts":"2026-03-11T04:23:23.506Z","level":"info","event":"basket_item_added","details":{"offerId":"mob-001","basketSize":1}}
{"ts":"2026-03-11T04:23:30.270Z","level":"info","event":"basket_item_added","details":{"offerId":"internet-002","basketSize":2}}
{"ts":"2026-03-11T04:23:33.988Z","level":"info","event":"basket_item_added","details":{"offerId":"landline-001","basketSize":3}}
{"ts":"2026-03-11T04:27:00.606Z","level":"info","event":"flow_transition","details":{"from":"INIT_CONNECTING","to":"INIT_CONNECTING","patchContext":{}}}
{"ts":"2026-03-11T04:27:01.718Z","level":"info","event":"flow_transition","details":{"from":"INIT_CONNECTING","to":"AREA_CODE_ENTRY","patchContext":{}}}
{"ts":"2026-03-11T04:40:26.126Z","level":"info","event":"flow_transition","details":{"from":"INIT_CONNECTING","to":"INIT_CONNECTING","patchContext":{}}}
{"ts":"2026-03-11T04:40:27.236Z","level":"info","event":"flow_transition","details":{"from":"INIT_CONNECTING","to":"AREA_CODE_ENTRY","patchContext":{}}}
{"ts":"2026-03-12T00:22:08.901Z","level":"info","event":"flow_transition","details":{"from":"INIT_CONNECTING","to":"INIT_CONNECTING","patchContext":{}}}
{"ts":"2026-03-12T00:22:09.997Z","level":"info","event":"flow_transition","details":{"from":"INIT_CONNECTING","to":"AREA_CODE_ENTRY","patchContext":{}}}
{"ts":"2026-03-12T00:23:16.147Z","level":"info","event":"flow_transition","details":{"from":"INIT_CONNECTING","to":"INIT_CONNECTING","patchContext":{}}}
{"ts":"2026-03-12T00:23:16.148Z","level":"info","event":"session_wiped","details":{"restart":true}}
{"ts":"2026-03-12T00:23:17.250Z","level":"info","event":"flow_transition","details":{"from":"INIT_CONNECTING","to":"AREA_CODE_ENTRY","patchContext":{}}}
{"ts":"2026-03-12T00:23:29.199Z","level":"info","event":"flow_transition","details":{"from":"AREA_CODE_ENTRY","to":"AVAILABILITY_SELECTION","patchContext":{"areaCode":"416"}}}
{"ts":"2026-03-12T00:23:50.713Z","level":"info","event":"flow_transition","details":{"from":"AVAILABILITY_SELECTION","to":"EXISTING_AUTH_MODE","patchContext":{"customerType":"existing"}}}
{"ts":"2026-03-12T00:23:55.031Z","level":"info","event":"flow_transition","details":{"from":"EXISTING_AUTH_MODE","to":"EXISTING_AUTH_IDENTIFIER","patchContext":{}}}
{"ts":"2026-03-12T00:24:00.143Z","level":"info","event":"auth_attempt","details":{"identifier":"alex.test@gmail.com","viaChatInput":true}}
{"ts":"2026-03-12T00:24:00.143Z","level":"info","event":"flow_transition","details":{"from":"EXISTING_AUTH_IDENTIFIER","to":"INTENT_DISCOVERY","patchContext":{}}}
{"ts":"2026-03-12T00:24:00.143Z","level":"info","event":"auth_success","details":{"mode":"manual","userId":"u1001","secureRef":"1d463180f7a4c7e2b340-60690c71344d"}}
{"ts":"2026-03-12T00:24:11.563Z","level":"info","event":"flow_transition","details":{"from":"INTENT_DISCOVERY","to":"OFFER_BROWSE","patchContext":{"intent":"mobility"}}}
{"ts":"2026-03-12T00:24:17.006Z","level":"info","event":"basket_item_added","details":{"offerId":"mob-001","basketSize":1}}
{"ts":"2026-03-12T00:24:23.734Z","level":"info","event":"basket_item_added","details":{"offerId":"landline-002","basketSize":2}}
{"ts":"2026-03-12T00:24:35.859Z","level":"info","event":"basket_item_added","details":{"offerId":"internet-001","basketSize":3}}
{"ts":"2026-03-12T00:24:39.010Z","level":"info","event":"flow_transition","details":{"from":"OFFER_BROWSE","to":"BASKET_REVIEW","patchContext":{}}}
{"ts":"2026-03-12T00:24:39.014Z","level":"info","event":"flow_transition","details":{"from":"BASKET_REVIEW","to":"ELIGIBILITY_CHECK","patchContext":{}}}
{"ts":"2026-03-12T00:24:39.014Z","level":"info","event":"eligibility_approved","details":{"basketItems":3}}
{"ts":"2026-03-12T00:24:39.014Z","level":"info","event":"flow_transition","details":{"from":"ELIGIBILITY_CHECK","to":"PAYMENT_METHOD","patchContext":{}}}
{"ts":"2026-03-12T00:25:06.692Z","level":"info","event":"payment_method_selected","details":{"method":"existing","expectedLast4":"2781"}}
{"ts":"2026-03-12T00:25:06.693Z","level":"info","event":"flow_transition","details":{"from":"PAYMENT_METHOD","to":"PAYMENT_CONFIRM_LAST4","patchContext":{}}}
{"ts":"2026-03-12T00:25:11.021Z","level":"info","event":"flow_transition","details":{"from":"PAYMENT_CONFIRM_LAST4","to":"PAYMENT_CVV","patchContext":{}}}
{"ts":"2026-03-12T00:25:11.021Z","level":"info","event":"payment_confirmed","details":{"method":"existing"}}
{"ts":"2026-03-12T00:25:16.266Z","level":"info","event":"cvv_validated","details":{"method":"existing","viaChatInput":true}}
{"ts":"2026-03-12T00:25:16.266Z","level":"info","event":"flow_transition","details":{"from":"PAYMENT_CVV","to":"SHIPPING_SELECTION","patchContext":{}}}
{"ts":"2026-03-12T00:25:19.483Z","level":"info","event":"flow_transition","details":{"from":"SHIPPING_SELECTION","to":"SHIPPING_LOOKUP","patchContext":{}}}
{"ts":"2026-03-12T00:25:25.115Z","level":"info","event":"shipping_lookup_requested","details":{"query":"181 Bay Street","areaCode":"416"}}
{"ts":"2026-03-12T00:25:25.118Z","level":"info","event":"flow_transition","details":{"from":"SHIPPING_LOOKUP","to":"SHIPPING_MANUAL_ENTRY","patchContext":{}}}
{"ts":"2026-03-12T00:25:37.671Z","level":"info","event":"shipping_manual_entered","details":{"address":"181 Bay Street, Toronto, ON, M6A 0L1"}}
{"ts":"2026-03-12T00:25:37.671Z","level":"info","event":"flow_transition","details":{"from":"SHIPPING_MANUAL_ENTRY","to":"ORDER_REVIEW","patchContext":{}}}
{"ts":"2026-03-12T00:25:37.672Z","level":"info","event":"order_submission_attempt","details":{"basketItems":3,"serviceMonthly":222,"financingMonthly":0,"combinedMonthly":222}}
{"ts":"2026-03-12T00:25:45.242Z","level":"info","event":"order_submission_success","details":{"orderId":"ORD-202603120025-4CCT","confirmationCode":"CNF-RIQ0EH","serviceMonthly":222,"financingMonthly":0,"combinedMonthly":222,"shippingMode":"manual"}}
{"ts":"2026-03-12T00:25:45.243Z","level":"info","event":"flow_transition","details":{"from":"ORDER_REVIEW","to":"ORDER_CONFIRMED","patchContext":{}}}
{"ts":"2026-03-12T00:25:51.799Z","level":"info","event":"flow_transition","details":{"from":"INIT_CONNECTING","to":"INIT_CONNECTING","patchContext":{}}}
{"ts":"2026-03-12T00:25:51.799Z","level":"info","event":"session_wiped","details":{"restart":true}}
{"ts":"2026-03-12T00:25:52.911Z","level":"info","event":"flow_transition","details":{"from":"INIT_CONNECTING","to":"AREA_CODE_ENTRY","patchContext":{}}}
{"ts":"2026-03-12T00:25:59.886Z","level":"info","event":"flow_transition","details":{"from":"AREA_CODE_ENTRY","to":"AVAILABILITY_SELECTION","patchContext":{"areaCode":"647"}}}
{"ts":"2026-03-12T00:26:03.528Z","level":"info","event":"flow_transition","details":{"from":"AVAILABILITY_SELECTION","to":"NEW_ONBOARD_NAME","patchContext":{"customerType":"new"}}}
{"ts":"2026-03-12T00:26:06.507Z","level":"info","event":"flow_transition","details":{"from":"NEW_ONBOARD_NAME","to":"NEW_ONBOARD_EMAIL","patchContext":{"newOnboarding":{"fullName":"Alex Johnson"}}}}
{"ts":"2026-03-12T00:26:11.638Z","level":"info","event":"flow_transition","details":{"from":"NEW_ONBOARD_EMAIL","to":"NEW_ONBOARD_PHONE","patchContext":{"newOnboarding":{"email":"alex.test13@gmail.com"}}}}
{"ts":"2026-03-12T00:26:18.980Z","level":"info","event":"flow_transition","details":{"from":"NEW_ONBOARD_PHONE","to":"INTENT_DISCOVERY","patchContext":{"newOnboarding":{"phone":"9871721172","leadId":"lead_1773275178974"},"customerType":"new"}}}
{"ts":"2026-03-12T00:26:18.980Z","level":"info","event":"new_customer_created","details":{"leadId":"lead_1773275178974","fullName":"Alex Johnson","email":"alex.test13@gmail.com","phone":"9871721172"}}
{"ts":"2026-03-12T00:26:26.099Z","level":"info","event":"flow_transition","details":{"from":"INTENT_DISCOVERY","to":"OFFER_BROWSE","patchContext":{"intent":"landline"}}}
{"ts":"2026-03-12T00:26:28.157Z","level":"info","event":"basket_item_added","details":{"offerId":"landline-002","basketSize":1}}
{"ts":"2026-03-12T00:26:48.694Z","level":"info","event":"basket_item_added","details":{"offerId":"internet-001","basketSize":2}}
{"ts":"2026-03-12T00:27:01.555Z","level":"info","event":"eligibility_approved","details":{"basketItems":2}}
{"ts":"2026-03-12T00:27:01.555Z","level":"info","event":"flow_transition","details":{"from":"ELIGIBILITY_CHECK","to":"PAYMENT_METHOD","patchContext":{}}}
{"ts":"2026-03-12T00:27:01.555Z","level":"info","event":"flow_transition","details":{"from":"BASKET_REVIEW","to":"ELIGIBILITY_CHECK","patchContext":{}}}
{"ts":"2026-03-12T00:27:01.555Z","level":"info","event":"flow_transition","details":{"from":"OFFER_BROWSE","to":"BASKET_REVIEW","patchContext":{}}}
{"ts":"2026-03-12T00:27:03.148Z","level":"info","event":"financing_fallback_to_card","details":{"reason":"no_eligible_devices"}}
{"ts":"2026-03-12T00:27:12.994Z","level":"info","event":"flow_transition","details":{"from":"PAYMENT_METHOD","to":"BASKET_REVIEW","patchContext":{}}}
{"ts":"2026-03-12T00:27:12.994Z","level":"info","event":"flow_transition","details":{"from":"BASKET_REVIEW","to":"ELIGIBILITY_CHECK","patchContext":{}}}
{"ts":"2026-03-12T00:27:12.995Z","level":"info","event":"eligibility_approved","details":{"basketItems":2}}
{"ts":"2026-03-12T00:27:12.995Z","level":"info","event":"flow_transition","details":{"from":"ELIGIBILITY_CHECK","to":"PAYMENT_METHOD","patchContext":{}}}
{"ts":"2026-03-12T00:27:14.973Z","level":"info","event":"flow_transition","details":{"from":"PAYMENT_METHOD","to":"PAYMENT_CONFIRM_LAST4","patchContext":{}}}
{"ts":"2026-03-12T00:27:14.973Z","level":"info","event":"payment_method_selected","details":{"method":"mastercard","expectedLast4":"7891"}}
{"ts":"2026-03-12T00:27:17.624Z","level":"info","event":"payment_confirmed","details":{"method":"mastercard"}}
{"ts":"2026-03-12T00:27:17.624Z","level":"info","event":"flow_transition","details":{"from":"PAYMENT_CONFIRM_LAST4","to":"PAYMENT_CVV","patchContext":{}}}
{"ts":"2026-03-12T00:27:20.891Z","level":"info","event":"flow_transition","details":{"from":"PAYMENT_CVV","to":"SHIPPING_SELECTION","patchContext":{}}}
{"ts":"2026-03-12T00:27:20.890Z","level":"info","event":"cvv_validated","details":{"method":"mastercard","viaChatInput":true}}
{"ts":"2026-03-12T00:27:25.054Z","level":"info","event":"shipping_prefilled_selected","details":{"address":"100 Default St, Toronto, ON"}}
{"ts":"2026-03-12T00:27:25.054Z","level":"info","event":"flow_transition","details":{"from":"SHIPPING_SELECTION","to":"ORDER_REVIEW","patchContext":{}}}
{"ts":"2026-03-12T00:27:25.055Z","level":"info","event":"order_submission_attempt","details":{"basketItems":2,"serviceMonthly":147,"financingMonthly":0,"combinedMonthly":147}}
{"ts":"2026-03-12T00:27:35.116Z","level":"info","event":"order_submission_success","details":{"orderId":"ORD-202603120027-YE0P","confirmationCode":"CNF-WG86GW","serviceMonthly":147,"financingMonthly":0,"combinedMonthly":147,"shippingMode":"prefilled"}}
{"ts":"2026-03-12T00:27:35.116Z","level":"info","event":"flow_transition","details":{"from":"ORDER_REVIEW","to":"ORDER_CONFIRMED","patchContext":{}}}
